<?xml version="1.0" encoding="UTF-8"?>
<!-- Generated by org.testng.reporters.JUnitXMLReporter -->
<testsuite ignored="2" hostname="Dirash10" failures="0" tests="0" time="0.011" errors="0" timestamp="2024-08-23T23:49:52 IST">
  <testcase classname="DirashLearning.SeliniuimFrameworkTest.SubmitOrder" name="orderHistory" time="0.0">
    <ignored/>
  </testcase> <!-- orderHistory -->
  <testcase classname="DirashLearning.SeliniuimFrameworkTest.SubmitOrder" name="submitOrder" time="0.0">
    <ignored/>
  </testcase> <!-- submitOrder -->
</testsuite>
